1391608459557|-1||debug||com.p6spy.engine.common.P6SpyOptions reloading properties
1391608459581|-1||info||Using properties file: spy.properties
1391608459582|-1||info||No value in environment for: getStackTrace, using: false
1391608459582|-1||info||No value in environment for: getAppender, using: com.p6spy.engine.logging.appender.StdoutLogger
1391608459582|-1||info||No value in environment for: getFilter, using: false
1391608459582|-1||info||No value in environment for: getUsePrefix, using: false
1391608459582|-1||info||No value in environment for: getAutoflush, using: true
1391608459582|-1||info||No value in environment for: getExclude, using: 
1391608459582|-1||info||No value in environment for: getInclude, using: 
1391608459583|-1||info||No value in environment for: getLogfile, using: spy.log
1391608459583|-1||info||No value in environment for: getRealdriver, using: com.mysql.jdbc.Driver
1391608459583|-1||info||No value in environment for: getAppend, using: false
1391608459583|-1||info||No value in environment for: getSpydriver, using: com.p6spy.engine.spy.P6SpyDriver
1391608459583|-1||info||No value in environment for: getDateformat, using: 
1391608459583|-1||info||No value in environment for: getJNDIContextFactory, using: null
1391608459583|-1||info||No value in environment for: getJNDIContextProviderURL, using: null
1391608459584|-1||info||No value in environment for: getJNDIContextCustom, using: null
1391608459584|-1||info||No value in environment for: getRealDataSource, using: null
1391608459584|-1||info||No value in environment for: getRealDataSourceClass, using: null
1391608459584|-1||info||No value in environment for: getRealDataSourceProperties, using: null
1391608459584|-1||info||No value in environment for: getDeregisterDrivers, using: true
1391608459585|-1||info||No value in environment for: getExecutionThreshold, using: 0
1391608459585|-1||info||No value in environment for: getExcludecategories, using: info,debug,result,batch
1391608459585|-1||info||No value in environment for: getIncludecategories, using: 
1391608459585|-1||info||No value in environment for: getRealdriver2, using: 
1391608459585|-1||info||No value in environment for: getRealdriver3, using: 
1391608459585|-1||info||No value in environment for: getDateformatter, using: null
1391608459585|-1||info||No value in environment for: getStringmatcher, using: com.p6spy.engine.common.SubstringMatcher
1391608459585|-1||info||No value in environment for: getStringMatcherEngine, using: com.p6spy.engine.common.SubstringMatcher@1e1ebbf6
1391608459586|-1||info||No value in environment for: getStackTraceClass, using: 
1391608459586|-1||info||No value in environment for: getSQLExpression, using: null
1391608459586|-1||info||No value in environment for: getReloadProperties, using: false
1391608459586|-1||info||No value in environment for: getReloadPropertiesInterval, using: 60
